<?xml version="1.0" encoding="UTF-8"?>
<!-- Generated by org.testng.reporters.JUnitXMLReporter -->
<testsuite ignored="0" hostname="BOOK-CEISV55VFI" failures="1" tests="5" name="Test" time="43.897" errors="0" timestamp="2023-05-07T10:11:22 EDT">
  <testcase classname="com.automationcode_ExtentReports_16thApr_2023.TNLoginTest" name="clickOnMyAccount" time="0.114"/>
  <testcase classname="com.automationcode_ExtentReports_16thApr_2023.TNLoginTest" name="clickOnLogin" time="0.563"/>
  <testcase classname="com.automationcode_ExtentReports_16thApr_2023.TNLoginTest" name="enterLoginCredentials" time="0.723">
    <failure type="java.lang.AssertionError" message="null">
      <![CDATA[java.lang.AssertionError: null
at com.automationcode_ExtentReports_16thApr_2023.TNLoginTest.enterLoginCredentials(TNLoginTest.java:40)
at java.base/java.util.ArrayList.forEach(ArrayList.java:1511)
... Removed 29 stack frames]]>
    </failure>
  </testcase> <!-- enterLoginCredentials -->
  <testcase classname="com.automationcode_ExtentReports_16thApr_2023.TNLoginTest" name="clickOnLoginButton" time="0.0">
    <skipped/>
  </testcase> <!-- clickOnLoginButton -->
  <testcase classname="com.automationcode_ExtentReports_16thApr_2023.TNRegisterTest" name="registerPage" time="11.896"/>
</testsuite> <!-- Test -->
