<?xml version="1.0" encoding="UTF-8"?>
<testng-results ignored="0" total="5" passed="3" failed="1" skipped="1">
  <reporter-output>
  </reporter-output>
  <suite started-at="2023-05-07T10:10:38 EDT" name="Suite" finished-at="2023-05-07T10:11:22 EDT" duration-ms="43897">
    <groups>
    </groups>
    <test started-at="2023-05-07T10:10:38 EDT" name="Test" finished-at="2023-05-07T10:11:22 EDT" duration-ms="43897">
      <class name="com.automationcode_ExtentReports_16thApr_2023.TNRegisterTest">
        <test-method is-config="true" signature="openBrowser()[pri:0, instance:com.automationcode_ExtentReports_16thApr_2023.TNRegisterTest@4082ba93]" started-at="2023-05-07T10:11:04 EDT" name="openBrowser" finished-at="2023-05-07T10:11:10 EDT" duration-ms="6165" status="PASS">
          <reporter-output>
          </reporter-output>
        </test-method> <!-- openBrowser -->
        <test-method signature="registerPage()[pri:0, instance:com.automationcode_ExtentReports_16thApr_2023.TNRegisterTest@4082ba93]" started-at="2023-05-07T10:11:10 EDT" name="registerPage" finished-at="2023-05-07T10:11:22 EDT" duration-ms="11896" status="PASS">
          <reporter-output>
          </reporter-output>
        </test-method> <!-- registerPage -->
        <test-method is-config="true" signature="tearDown()[pri:0, instance:com.automationcode_ExtentReports_16thApr_2023.TNRegisterTest@4082ba93]" started-at="2023-05-07T10:11:22 EDT" name="tearDown" finished-at="2023-05-07T10:11:22 EDT" duration-ms="303" status="PASS">
          <reporter-output>
          </reporter-output>
        </test-method> <!-- tearDown -->
      </class> <!-- com.automationcode_ExtentReports_16thApr_2023.TNRegisterTest -->
      <class name="com.automationcode_ExtentReports_16thApr_2023.TNLoginTest">
        <test-method is-config="true" signature="openUrl()[pri:0, instance:com.automationcode_ExtentReports_16thApr_2023.TNLoginTest@4a83a74a]" started-at="2023-05-07T10:10:38 EDT" name="openUrl" finished-at="2023-05-07T10:10:45 EDT" duration-ms="6939" status="PASS">
          <reporter-output>
          </reporter-output>
        </test-method> <!-- openUrl -->
        <test-method signature="clickOnMyAccount()[pri:1, instance:com.automationcode_ExtentReports_16thApr_2023.TNLoginTest@4a83a74a]" started-at="2023-05-07T10:10:45 EDT" name="clickOnMyAccount" finished-at="2023-05-07T10:10:45 EDT" duration-ms="114" status="PASS">
          <reporter-output>
          </reporter-output>
        </test-method> <!-- clickOnMyAccount -->
        <test-method is-config="true" signature="tearDown()[pri:0, instance:com.automationcode_ExtentReports_16thApr_2023.TNLoginTest@4a83a74a]" started-at="2023-05-07T10:10:45 EDT" name="tearDown" finished-at="2023-05-07T10:10:46 EDT" duration-ms="203" status="PASS">
          <reporter-output>
          </reporter-output>
        </test-method> <!-- tearDown -->
        <test-method is-config="true" signature="openUrl()[pri:0, instance:com.automationcode_ExtentReports_16thApr_2023.TNLoginTest@4a83a74a]" started-at="2023-05-07T10:10:46 EDT" name="openUrl" finished-at="2023-05-07T10:10:56 EDT" duration-ms="10210" status="PASS">
          <reporter-output>
          </reporter-output>
        </test-method> <!-- openUrl -->
        <test-method signature="clickOnLogin()[pri:2, instance:com.automationcode_ExtentReports_16thApr_2023.TNLoginTest@4a83a74a]" started-at="2023-05-07T10:10:56 EDT" name="clickOnLogin" finished-at="2023-05-07T10:10:56 EDT" duration-ms="563" status="PASS">
          <reporter-output>
          </reporter-output>
        </test-method> <!-- clickOnLogin -->
        <test-method is-config="true" signature="tearDown()[pri:0, instance:com.automationcode_ExtentReports_16thApr_2023.TNLoginTest@4a83a74a]" started-at="2023-05-07T10:10:56 EDT" name="tearDown" finished-at="2023-05-07T10:10:57 EDT" duration-ms="206" status="PASS">
          <reporter-output>
          </reporter-output>
        </test-method> <!-- tearDown -->
        <test-method is-config="true" signature="openUrl()[pri:0, instance:com.automationcode_ExtentReports_16thApr_2023.TNLoginTest@4a83a74a]" started-at="2023-05-07T10:10:57 EDT" name="openUrl" finished-at="2023-05-07T10:11:02 EDT" duration-ms="5720" status="PASS">
          <reporter-output>
          </reporter-output>
        </test-method> <!-- openUrl -->
        <test-method signature="enterLoginCredentials()[pri:3, instance:com.automationcode_ExtentReports_16thApr_2023.TNLoginTest@4a83a74a]" started-at="2023-05-07T10:11:02 EDT" name="enterLoginCredentials" finished-at="2023-05-07T10:11:03 EDT" duration-ms="723" status="FAIL">
          <exception class="java.lang.AssertionError">
            <message>
              <![CDATA[null]]>
            </message>
            <full-stacktrace>
              <![CDATA[java.lang.AssertionError: null
at org.testng.Assert.fail(Assert.java:99)
at org.testng.Assert.fail(Assert.java:106)
at com.automationcode_ExtentReports_16thApr_2023.TNLoginTest.enterLoginCredentials(TNLoginTest.java:40)
at java.base/jdk.internal.reflect.NativeMethodAccessorImpl.invoke0(Native Method)
at java.base/jdk.internal.reflect.NativeMethodAccessorImpl.invoke(NativeMethodAccessorImpl.java:77)
at java.base/jdk.internal.reflect.DelegatingMethodAccessorImpl.invoke(DelegatingMethodAccessorImpl.java:43)
at java.base/java.lang.reflect.Method.invoke(Method.java:568)
at org.testng.internal.MethodInvocationHelper.invokeMethod(MethodInvocationHelper.java:133)
at org.testng.internal.TestInvoker.invokeMethod(TestInvoker.java:598)
at org.testng.internal.TestInvoker.invokeTestMethod(TestInvoker.java:173)
at org.testng.internal.MethodRunner.runInSequence(MethodRunner.java:46)
at org.testng.internal.TestInvoker$MethodInvocationAgent.invoke(TestInvoker.java:824)
at org.testng.internal.TestInvoker.invokeTestMethods(TestInvoker.java:146)
at org.testng.internal.TestMethodWorker.invokeTestMethods(TestMethodWorker.java:146)
at org.testng.internal.TestMethodWorker.run(TestMethodWorker.java:128)
at java.base/java.util.ArrayList.forEach(ArrayList.java:1511)
at org.testng.TestRunner.privateRun(TestRunner.java:794)
at org.testng.TestRunner.run(TestRunner.java:596)
at org.testng.SuiteRunner.runTest(SuiteRunner.java:377)
at org.testng.SuiteRunner.runSequentially(SuiteRunner.java:371)
at org.testng.SuiteRunner.privateRun(SuiteRunner.java:332)
at org.testng.SuiteRunner.run(SuiteRunner.java:276)
at org.testng.SuiteRunnerWorker.runSuite(SuiteRunnerWorker.java:53)
at org.testng.SuiteRunnerWorker.run(SuiteRunnerWorker.java:96)
at org.testng.TestNG.runSuitesSequentially(TestNG.java:1212)
at org.testng.TestNG.runSuitesLocally(TestNG.java:1134)
at org.testng.TestNG.runSuites(TestNG.java:1063)
at org.testng.TestNG.run(TestNG.java:1031)
at org.testng.remote.AbstractRemoteTestNG.run(AbstractRemoteTestNG.java:115)
at org.testng.remote.RemoteTestNG.initAndRun(RemoteTestNG.java:251)
at org.testng.remote.RemoteTestNG.main(RemoteTestNG.java:77)
]]>
            </full-stacktrace>
          </exception> <!-- java.lang.AssertionError -->
          <reporter-output>
          </reporter-output>
        </test-method> <!-- enterLoginCredentials -->
        <test-method is-config="true" signature="tearDown()[pri:0, instance:com.automationcode_ExtentReports_16thApr_2023.TNLoginTest@4a83a74a]" started-at="2023-05-07T10:11:03 EDT" name="tearDown" finished-at="2023-05-07T10:11:04 EDT" duration-ms="203" status="PASS">
          <reporter-output>
          </reporter-output>
        </test-method> <!-- tearDown -->
        <test-method signature="clickOnLoginButton()[pri:4, instance:com.automationcode_ExtentReports_16thApr_2023.TNLoginTest@4a83a74a]" started-at="2023-05-07T10:11:04 EDT" name="clickOnLoginButton" finished-at="2023-05-07T10:11:04 EDT" depends-on-methods="com.automationcode_ExtentReports_16thApr_2023.TNLoginTest.enterLoginCredentials" duration-ms="0" status="SKIP">
          <exception class="java.lang.Throwable">
            <message>
              <![CDATA[Method TNLoginTest.clickOnLoginButton()[pri:4, instance:com.automationcode_ExtentReports_16thApr_2023.TNLoginTest@4a83a74a] depends on not successfully finished methods]]>
            </message>
            <full-stacktrace>
              <![CDATA[java.lang.Throwable: Method TNLoginTest.clickOnLoginButton()[pri:4, instance:com.automationcode_ExtentReports_16thApr_2023.TNLoginTest@4a83a74a] depends on not successfully finished methods
at org.testng.internal.TestInvoker.invokeTestMethods(TestInvoker.java:102)
at org.testng.internal.TestMethodWorker.invokeTestMethods(TestMethodWorker.java:146)
at org.testng.internal.TestMethodWorker.run(TestMethodWorker.java:128)
at java.base/java.util.ArrayList.forEach(ArrayList.java:1511)
at org.testng.TestRunner.privateRun(TestRunner.java:794)
at org.testng.TestRunner.run(TestRunner.java:596)
at org.testng.SuiteRunner.runTest(SuiteRunner.java:377)
at org.testng.SuiteRunner.runSequentially(SuiteRunner.java:371)
at org.testng.SuiteRunner.privateRun(SuiteRunner.java:332)
at org.testng.SuiteRunner.run(SuiteRunner.java:276)
at org.testng.SuiteRunnerWorker.runSuite(SuiteRunnerWorker.java:53)
at org.testng.SuiteRunnerWorker.run(SuiteRunnerWorker.java:96)
at org.testng.TestNG.runSuitesSequentially(TestNG.java:1212)
at org.testng.TestNG.runSuitesLocally(TestNG.java:1134)
at org.testng.TestNG.runSuites(TestNG.java:1063)
at org.testng.TestNG.run(TestNG.java:1031)
at org.testng.remote.AbstractRemoteTestNG.run(AbstractRemoteTestNG.java:115)
at org.testng.remote.RemoteTestNG.initAndRun(RemoteTestNG.java:251)
at org.testng.remote.RemoteTestNG.main(RemoteTestNG.java:77)
]]>
            </full-stacktrace>
          </exception> <!-- java.lang.Throwable -->
          <reporter-output>
          </reporter-output>
        </test-method> <!-- clickOnLoginButton -->
      </class> <!-- com.automationcode_ExtentReports_16thApr_2023.TNLoginTest -->
    </test> <!-- Test -->
  </suite> <!-- Suite -->
</testng-results>
